<?xml version="1.0" encoding="UTF-8"?>
<!-- Generated by org.testng.reporters.JUnitXMLReporter -->
<testsuite ignored="0" hostname="DESKTOP-S1H6N7E" failures="1" tests="1" name="Test" time="56.441" errors="0" timestamp="2023-05-03T12:58:42 IST">
  <testcase classname="basic.ExampleScript" name="script" time="56.252">
    <failure type="org.openqa.selenium.WebDriverException" message="disconnected: received Inspector.detached event
  (failed to check if window was closed: disconnected: not connected to DevTools)
  (Session info: chrome=112.0.5615.138)
Build info: version: &amp;apos;3.141.59&amp;apos;, revision: &amp;apos;e82be7d358&amp;apos;, time: &amp;apos;2018-11-14T08:17:03&amp;apos;
System info: host: &amp;apos;DESKTOP-S1H6N7E&amp;apos;, ip: &amp;apos;192.168.137.1&amp;apos;, os.name: &amp;apos;Windows 10&amp;apos;, os.arch: &amp;apos;amd64&amp;apos;, os.version: &amp;apos;10.0&amp;apos;, java.version: &amp;apos;17.0.6&amp;apos;
Driver info: driver.version: ChromeDriver
remote stacktrace: Backtrace:
	GetHandleVerifier [0x006EDCE3+50899]
	(No symbol) [0x0067E111]
	(No symbol) [0x00585588]
	(No symbol) [0x00579257]
	(No symbol) [0x00578DEB]
	(No symbol) [0x00578275]
	(No symbol) [0x0057820C]
	(No symbol) [0x00576F06]
	(No symbol) [0x00577668]
	(No symbol) [0x00576685]
	(No symbol) [0x005813A6]
	(No symbol) [0x005764C5]
	(No symbol) [0x00577F2A]
	(No symbol) [0x00576F06]
	(No symbol) [0x00577668]
	(No symbol) [0x00576685]
	(No symbol) [0x0057ECE6]
	(No symbol) [0x005764C5]
	(No symbol) [0x00577F2A]
	(No symbol) [0x00576F06]
	(No symbol) [0x00577668]
	(No symbol) [0x00576685]
	(No symbol) [0x0057C7FB]
	(No symbol) [0x005764C5]
	(No symbol) [0x00577F2A]
	(No symbol) [0x00576F06]
	(No symbol) [0x00577668]
	(No symbol) [0x00576685]
	(No symbol) [0x00570E2F]
	(No symbol) [0x005764C5]
	(No symbol) [0x00575E7D]
	(No symbol) [0x00575B5C]
	(No symbol) [0x00586923]
	(No symbol) [0x0056CAE3]
	(No symbol) [0x0056C1D5]
	(No symbol) [0x005D21CD]
	(No symbol) [0x005D1CEC]
	(No symbol) [0x005CB6F6]
	(No symbol) [0x005A7708]
	(No symbol) [0x005A886D]
	GetHandleVerifier [0x00953EAE+2566302]
	GetHandleVerifier [0x009892B1+2784417]
	GetHandleVerifier [0x0098327C+2759788]
	GetHandleVerifier [0x00785740+672048]
	(No symbol) [0x00688872]
	(No symbol) [0x006841C8]
	(No symbol) [0x006842AB]
	(No symbol) [0x006771B7]
	BaseThreadInitThunk [0x76310099+25]
	RtlGetAppContainerNamedObjectPath [0x77DA7B6E+286]
	RtlGetAppContainerNamedObjectPath [0x77DA7B3E+238]
">
      <![CDATA[org.openqa.selenium.WebDriverException: disconnected: received Inspector.detached event
  (failed to check if window was closed: disconnected: not connected to DevTools)
  (Session info: chrome=112.0.5615.138)
Build info: version: '3.141.59', revision: 'e82be7d358', time: '2018-11-14T08:17:03'
System info: host: 'DESKTOP-S1H6N7E', ip: '192.168.137.1', os.name: 'Windows 10', os.arch: 'amd64', os.version: '10.0', java.version: '17.0.6'
Driver info: driver.version: ChromeDriver
remote stacktrace: Backtrace:
GetHandleVerifier [0x006EDCE3+50899]
(No symbol) [0x0067E111]
(No symbol) [0x00585588]
(No symbol) [0x00579257]
(No symbol) [0x00578DEB]
(No symbol) [0x00578275]
(No symbol) [0x0057820C]
(No symbol) [0x00576F06]
(No symbol) [0x00577668]
(No symbol) [0x00576685]
(No symbol) [0x005813A6]
(No symbol) [0x005764C5]
(No symbol) [0x00577F2A]
(No symbol) [0x00576F06]
(No symbol) [0x00577668]
(No symbol) [0x00576685]
(No symbol) [0x0057ECE6]
(No symbol) [0x005764C5]
(No symbol) [0x00577F2A]
(No symbol) [0x00576F06]
(No symbol) [0x00577668]
(No symbol) [0x00576685]
(No symbol) [0x0057C7FB]
(No symbol) [0x005764C5]
(No symbol) [0x00577F2A]
(No symbol) [0x00576F06]
(No symbol) [0x00577668]
(No symbol) [0x00576685]
(No symbol) [0x00570E2F]
(No symbol) [0x005764C5]
(No symbol) [0x00575E7D]
(No symbol) [0x00575B5C]
(No symbol) [0x00586923]
(No symbol) [0x0056CAE3]
(No symbol) [0x0056C1D5]
(No symbol) [0x005D21CD]
(No symbol) [0x005D1CEC]
(No symbol) [0x005CB6F6]
(No symbol) [0x005A7708]
(No symbol) [0x005A886D]
GetHandleVerifier [0x00953EAE+2566302]
GetHandleVerifier [0x009892B1+2784417]
GetHandleVerifier [0x0098327C+2759788]
GetHandleVerifier [0x00785740+672048]
(No symbol) [0x00688872]
(No symbol) [0x006841C8]
(No symbol) [0x006842AB]
(No symbol) [0x006771B7]
BaseThreadInitThunk [0x76310099+25]
RtlGetAppContainerNamedObjectPath [0x77DA7B6E+286]
RtlGetAppContainerNamedObjectPath [0x77DA7B3E+238]

at org.openqa.selenium.remote.W3CHandshakeResponse.lambda$errorHandler$0(W3CHandshakeResponse.java:62)
at org.openqa.selenium.remote.HandshakeResponse.lambda$getResponseFunction$0(HandshakeResponse.java:30)
at org.openqa.selenium.remote.ProtocolHandshake.lambda$createSession$0(ProtocolHandshake.java:126)
at java.base/java.util.stream.ReferencePipeline$3$1.accept(ReferencePipeline.java:197)
at java.base/java.util.Spliterators$ArraySpliterator.tryAdvance(Spliterators.java:1002)
at java.base/java.util.stream.ReferencePipeline.forEachWithCancel(ReferencePipeline.java:129)
at java.base/java.util.stream.AbstractPipeline.copyIntoWithCancel(AbstractPipeline.java:527)
at java.base/java.util.stream.AbstractPipeline.copyInto(AbstractPipeline.java:513)
at java.base/java.util.stream.AbstractPipeline.wrapAndCopyInto(AbstractPipeline.java:499)
at java.base/java.util.stream.FindOps$FindOp.evaluateSequential(FindOps.java:150)
at java.base/java.util.stream.AbstractPipeline.evaluate(AbstractPipeline.java:234)
at java.base/java.util.stream.ReferencePipeline.findFirst(ReferencePipeline.java:647)
at org.openqa.selenium.remote.ProtocolHandshake.createSession(ProtocolHandshake.java:128)
at org.openqa.selenium.remote.ProtocolHandshake.createSession(ProtocolHandshake.java:74)
at org.openqa.selenium.remote.HttpCommandExecutor.execute(HttpCommandExecutor.java:136)
at org.openqa.selenium.remote.service.DriverCommandExecutor.execute(DriverCommandExecutor.java:83)
at org.openqa.selenium.remote.RemoteWebDriver.execute(RemoteWebDriver.java:552)
at org.openqa.selenium.remote.RemoteWebDriver.startSession(RemoteWebDriver.java:213)
at org.openqa.selenium.remote.RemoteWebDriver.<init>(RemoteWebDriver.java:131)
at org.openqa.selenium.chrome.ChromeDriver.<init>(ChromeDriver.java:181)
at org.openqa.selenium.chrome.ChromeDriver.<init>(ChromeDriver.java:168)
at org.openqa.selenium.chrome.ChromeDriver.<init>(ChromeDriver.java:123)
at basic.ExampleScript.script(ExampleScript.java:15)
at java.base/java.util.ArrayList.forEach(ArrayList.java:1511)
... Removed 32 stack frames]]>
    </failure>
  </testcase> <!-- script -->
</testsuite> <!-- Test -->
