<?xml version="1.0" encoding="UTF-8"?>
<!-- Generated by org.testng.reporters.JUnitReportReporter -->
<testsuite hostname="DESKTOP-S1H6N7E" failures="0" tests="1" name="basic.ExampleScript" time="56.252" errors="1" timestamp="2023-05-03T12:58:50 IST" skipped="0">
  <testcase classname="basic.ExampleScript" name="script" time="56.252">
    <error message="disconnected: received Inspector.detached event
  (failed to check if window was closed: disconnected: not connected to DevTools)
  (Session info: chrome=112.0.5615.138)
Build info: version: &#039;3.141.59&#039;, revision: &#039;e82be7d358&#039;, time: &#039;2018-11-14T08:17:03&#039;
System info: host: &#039;DESKTOP-S1H6N7E&#039;, ip: &#039;192.168.137.1&#039;, os.name: &#039;Windows 10&#039;, os.arch: &#039;amd64&#039;, os.version: &#039;10.0&#039;, java.version: &#039;17.0.6&#039;
Driver info: driver.version: ChromeDriver
remote stacktrace: Backtrace:
	GetHandleVerifier [0x006EDCE3+50899]
	(No symbol) [0x0067E111]
	(No symbol) [0x00585588]
	(No symbol) [0x00579257]
	(No symbol) [0x00578DEB]
	(No symbol) [0x00578275]
	(No symbol) [0x0057820C]
	(No symbol) [0x00576F06]
	(No symbol) [0x00577668]
	(No symbol) [0x00576685]
	(No symbol) [0x005813A6]
	(No symbol) [0x005764C5]
	(No symbol) [0x00577F2A]
	(No symbol) [0x00576F06]
	(No symbol) [0x00577668]
	(No symbol) [0x00576685]
	(No symbol) [0x0057ECE6]
	(No symbol) [0x005764C5]
	(No symbol) [0x00577F2A]
	(No symbol) [0x00576F06]
	(No symbol) [0x00577668]
	(No symbol) [0x00576685]
	(No symbol) [0x0057C7FB]
	(No symbol) [0x005764C5]
	(No symbol) [0x00577F2A]
	(No symbol) [0x00576F06]
	(No symbol) [0x00577668]
	(No symbol) [0x00576685]
	(No symbol) [0x00570E2F]
	(No symbol) [0x005764C5]
	(No symbol) [0x00575E7D]
	(No symbol) [0x00575B5C]
	(No symbol) [0x00586923]
	(No symbol) [0x0056CAE3]
	(No symbol) [0x0056C1D5]
	(No symbol) [0x005D21CD]
	(No symbol) [0x005D1CEC]
	(No symbol) [0x005CB6F6]
	(No symbol) [0x005A7708]
	(No symbol) [0x005A886D]
	GetHandleVerifier [0x00953EAE+2566302]
	GetHandleVerifier [0x009892B1+2784417]
	GetHandleVerifier [0x0098327C+2759788]
	GetHandleVerifier [0x00785740+672048]
	(No symbol) [0x00688872]
	(No symbol) [0x006841C8]
	(No symbol) [0x006842AB]
	(No symbol) [0x006771B7]
	BaseThreadInitThunk [0x76310099+25]
	RtlGetAppContainerNamedObjectPath [0x77DA7B6E+286]
	RtlGetAppContainerNamedObjectPath [0x77DA7B3E+238]
" type="org.openqa.selenium.WebDriverException">
      <![CDATA[org.openqa.selenium.WebDriverException: disconnected: received Inspector.detached event
  (failed to check if window was closed: disconnected: not connected to DevTools)
  (Session info: chrome=112.0.5615.138)
Build info: version: '3.141.59', revision: 'e82be7d358', time: '2018-11-14T08:17:03'
System info: host: 'DESKTOP-S1H6N7E', ip: '192.168.137.1', os.name: 'Windows 10', os.arch: 'amd64', os.version: '10.0', java.version: '17.0.6'
Driver info: driver.version: ChromeDriver
remote stacktrace: Backtrace:
GetHandleVerifier [0x006EDCE3+50899]
(No symbol) [0x0067E111]
(No symbol) [0x00585588]
(No symbol) [0x00579257]
(No symbol) [0x00578DEB]
(No symbol) [0x00578275]
(No symbol) [0x0057820C]
(No symbol) [0x00576F06]
(No symbol) [0x00577668]
(No symbol) [0x00576685]
(No symbol) [0x005813A6]
(No symbol) [0x005764C5]
(No symbol) [0x00577F2A]
(No symbol) [0x00576F06]
(No symbol) [0x00577668]
(No symbol) [0x00576685]
(No symbol) [0x0057ECE6]
(No symbol) [0x005764C5]
(No symbol) [0x00577F2A]
(No symbol) [0x00576F06]
(No symbol) [0x00577668]
(No symbol) [0x00576685]
(No symbol) [0x0057C7FB]
(No symbol) [0x005764C5]
(No symbol) [0x00577F2A]
(No symbol) [0x00576F06]
(No symbol) [0x00577668]
(No symbol) [0x00576685]
(No symbol) [0x00570E2F]
(No symbol) [0x005764C5]
(No symbol) [0x00575E7D]
(No symbol) [0x00575B5C]
(No symbol) [0x00586923]
(No symbol) [0x0056CAE3]
(No symbol) [0x0056C1D5]
(No symbol) [0x005D21CD]
(No symbol) [0x005D1CEC]
(No symbol) [0x005CB6F6]
(No symbol) [0x005A7708]
(No symbol) [0x005A886D]
GetHandleVerifier [0x00953EAE+2566302]
GetHandleVerifier [0x009892B1+2784417]
GetHandleVerifier [0x0098327C+2759788]
GetHandleVerifier [0x00785740+672048]
(No symbol) [0x00688872]
(No symbol) [0x006841C8]
(No symbol) [0x006842AB]
(No symbol) [0x006771B7]
BaseThreadInitThunk [0x76310099+25]
RtlGetAppContainerNamedObjectPath [0x77DA7B6E+286]
RtlGetAppContainerNamedObjectPath [0x77DA7B3E+238]

at java.base/jdk.internal.reflect.NativeConstructorAccessorImpl.newInstance0(Native Method)
at java.base/jdk.internal.reflect.NativeConstructorAccessorImpl.newInstance(NativeConstructorAccessorImpl.java:77)
at java.base/jdk.internal.reflect.DelegatingConstructorAccessorImpl.newInstance(DelegatingConstructorAccessorImpl.java:45)
at java.base/java.lang.reflect.Constructor.newInstanceWithCaller(Constructor.java:499)
at java.base/java.lang.reflect.Constructor.newInstance(Constructor.java:480)
at org.openqa.selenium.remote.W3CHandshakeResponse.lambda$errorHandler$0(W3CHandshakeResponse.java:62)
at org.openqa.selenium.remote.HandshakeResponse.lambda$getResponseFunction$0(HandshakeResponse.java:30)
at org.openqa.selenium.remote.ProtocolHandshake.lambda$createSession$0(ProtocolHandshake.java:126)
at java.base/java.util.stream.ReferencePipeline$3$1.accept(ReferencePipeline.java:197)
at java.base/java.util.Spliterators$ArraySpliterator.tryAdvance(Spliterators.java:1002)
at java.base/java.util.stream.ReferencePipeline.forEachWithCancel(ReferencePipeline.java:129)
at java.base/java.util.stream.AbstractPipeline.copyIntoWithCancel(AbstractPipeline.java:527)
at java.base/java.util.stream.AbstractPipeline.copyInto(AbstractPipeline.java:513)
at java.base/java.util.stream.AbstractPipeline.wrapAndCopyInto(AbstractPipeline.java:499)
at java.base/java.util.stream.FindOps$FindOp.evaluateSequential(FindOps.java:150)
at java.base/java.util.stream.AbstractPipeline.evaluate(AbstractPipeline.java:234)
at java.base/java.util.stream.ReferencePipeline.findFirst(ReferencePipeline.java:647)
at org.openqa.selenium.remote.ProtocolHandshake.createSession(ProtocolHandshake.java:128)
at org.openqa.selenium.remote.ProtocolHandshake.createSession(ProtocolHandshake.java:74)
at org.openqa.selenium.remote.HttpCommandExecutor.execute(HttpCommandExecutor.java:136)
at org.openqa.selenium.remote.service.DriverCommandExecutor.execute(DriverCommandExecutor.java:83)
at org.openqa.selenium.remote.RemoteWebDriver.execute(RemoteWebDriver.java:552)
at org.openqa.selenium.remote.RemoteWebDriver.startSession(RemoteWebDriver.java:213)
at org.openqa.selenium.remote.RemoteWebDriver.<init>(RemoteWebDriver.java:131)
at org.openqa.selenium.chrome.ChromeDriver.<init>(ChromeDriver.java:181)
at org.openqa.selenium.chrome.ChromeDriver.<init>(ChromeDriver.java:168)
at org.openqa.selenium.chrome.ChromeDriver.<init>(ChromeDriver.java:123)
at basic.ExampleScript.script(ExampleScript.java:15)
at java.base/jdk.internal.reflect.NativeMethodAccessorImpl.invoke0(Native Method)
at java.base/jdk.internal.reflect.NativeMethodAccessorImpl.invoke(NativeMethodAccessorImpl.java:77)
at java.base/jdk.internal.reflect.DelegatingMethodAccessorImpl.invoke(DelegatingMethodAccessorImpl.java:43)
at java.base/java.lang.reflect.Method.invoke(Method.java:568)
at org.testng.internal.invokers.MethodInvocationHelper.invokeMethod(MethodInvocationHelper.java:139)
at org.testng.internal.invokers.TestInvoker.invokeMethod(TestInvoker.java:677)
at org.testng.internal.invokers.TestInvoker.invokeTestMethod(TestInvoker.java:221)
at org.testng.internal.invokers.MethodRunner.runInSequence(MethodRunner.java:50)
at org.testng.internal.invokers.TestInvoker$MethodInvocationAgent.invoke(TestInvoker.java:969)
at org.testng.internal.invokers.TestInvoker.invokeTestMethods(TestInvoker.java:194)
at org.testng.internal.invokers.TestMethodWorker.invokeTestMethods(TestMethodWorker.java:148)
at org.testng.internal.invokers.TestMethodWorker.run(TestMethodWorker.java:128)
at java.base/java.util.ArrayList.forEach(ArrayList.java:1511)
at org.testng.TestRunner.privateRun(TestRunner.java:829)
at org.testng.TestRunner.run(TestRunner.java:602)
at org.testng.SuiteRunner.runTest(SuiteRunner.java:437)
at org.testng.SuiteRunner.runSequentially(SuiteRunner.java:431)
at org.testng.SuiteRunner.privateRun(SuiteRunner.java:391)
at org.testng.SuiteRunner.run(SuiteRunner.java:330)
at org.testng.SuiteRunnerWorker.runSuite(SuiteRunnerWorker.java:52)
at org.testng.SuiteRunnerWorker.run(SuiteRunnerWorker.java:95)
at org.testng.TestNG.runSuitesSequentially(TestNG.java:1256)
at org.testng.TestNG.runSuitesLocally(TestNG.java:1176)
at org.testng.TestNG.runSuites(TestNG.java:1099)
at org.testng.TestNG.run(TestNG.java:1067)
at org.testng.remote.AbstractRemoteTestNG.run(AbstractRemoteTestNG.java:115)
at org.testng.remote.RemoteTestNG.initAndRun(RemoteTestNG.java:251)
at org.testng.remote.RemoteTestNG.main(RemoteTestNG.java:77)
]]>
    </error>
  </testcase> <!-- script -->
  <system-out/>
</testsuite> <!-- basic.ExampleScript -->
